<?xml version="1.0" encoding="UTF-8" ?>
<testsuite errors="0" failures="1" hostname="BFly" name="org.netbeans.modules.compapp.catd.ConfiguredTest" tests="1" time="1.413" timestamp="2014-01-08T17:30:56">
  <properties>
    <property name="libs.jsp-compiler.javadoc" value="" />
    <property name="netbeans.autoupdate.country" value="US" />
    <property name="com.sun.jbi.sa.internal.routing" value="true" />
    <property name="libs.Encoder-HL7.javadoc" value="" />
    <property name="libs.jsf20.maven-pom" value="" />
    <property name="source.root" value="src" />
    <property name="libs.junit.javadoc" value="/home/luong/openesb-2.3.1/netbeans/java/docs/junit-3.8.2-api.zip" />
    <property name="ant.core.lib" value="/home/luong/openesb-2.3.1/netbeans/java/ant/lib/ant.jar" />
    <property name="libs.jsp-compilation.javadoc" value="" />
    <property name="user.dir" value="/home/luong/NetBeansProjects/CompositeDBBC" />
    <property name="libs.javaee-api-7.0.src" value="" />
    <property name="libs.hibernate-persistence.javadoc" value="" />
    <property name="java.vm.version" value="23.25-b01" />
    <property name="libs.jstl11.maven-pom" value="" />
    <property name="libs.MySQLDriver.classpath" value="/home/luong/openesb-2.3.1/netbeans/ide/modules/ext/mysql-connector-java-5.1.23-bin.jar" />
    <property name="jbi.content.additional" value="../DatabaseBC/build/SEDeployment.jar" />
    <property name="libs.eclipselinkmodelgen.src" value="" />
    <property name="libs.jstl11.src" value="" />
    <property name="netbeans.autoupdate.version" value="1.23" />
    <property name="libs.javaee-web-api-6.0.classpath" value="/home/luong/openesb-2.3.1/netbeans/enterprise/modules/ext/javaee-web-api-6.0.jar" />
    <property name="libs.hibernate-support.maven-pom" value="" />
    <property name="libs.hibernate-support.javadoc" value="" />
    <property name="jdk.home" value="/usr/lib/jvm/jdk1.7.0_25" />
    <property name="libs.javac-api.src" value="" />
    <property name="xml.module.install.dir" value="/home/luong/openesb-2.3.1/netbeans/soa/modules" />
    <property name="sun.os.patch.level" value="unknown" />
    <property name="java.vm.specification.name" value="Java Virtual Machine Specification" />
    <property name="libs.Encoder-Custom.javadoc" value="" />
    <property name="nb.show.statistics.ui" value="usageStatisticsEnabled" />
    <property name="netbeans.autoupdate.variant" value="" />
    <property name="have.tests" value="true" />
    <property name="org.xml.sax.driver" value="com.sun.org.apache.xerces.internal.jaxp.SAXParserImpl$JAXPSAXParser" />
    <property name="j2ee.server.instance" value="[/home/luong/openesb-2.3.1/glassfish]deployer:Sun:AppServer::localhost:4848" />
    <property name="netbeans.derby.system.home" value="/home/luong/openesb-2.3.1/glassfish/databases" />
    <property name="libs.javac-api.javadoc" value="" />
    <property name="os.name" value="Linux" />
    <property name="esb.netbeans.platform" value="/home/luong/openesb-2.3.1/netbeans/platform" />
    <property name="libs.beans-binding.classpath" value="/home/luong/openesb-2.3.1/netbeans/java/modules/ext/beansbinding-1.2.1.jar" />
    <property name="libs.javaee-endorsed-api-7.0.maven-pom" value="" />
    <property name="reference.DatabaseBC.dist_se" value="../DatabaseBC/build/SEDeployment.jar" />
    <property name="libs.restapi.javadoc" value="/home/luong/openesb-2.3.1/netbeans/enterprise/docs/jsr311-api-1.1.1-javadoc.zip" />
    <property name="libs.JWSAntTasks.maven-pom" value="" />
    <property name="libs.testng.src" value="" />
    <property name="libs.spring-webmvc3.0.src" value="" />
    <property name="libs.restapi.classpath" value="/home/luong/openesb-2.3.1/netbeans/enterprise/modules/ext/rest/jsr311-api-1.1.1.jar" />
    <property name="java.vendor.url.bug" value="http://bugreport.sun.com/bugreport/" />
    <property name="libs.jaxb.maven-pom" value="" />
    <property name="os.arch" value="amd64" />
    <property name="libs.Encoder-Custom.classpath" value="/home/luong/openesb-2.3.1/netbeans/soa/modules/ext/custom.jar:/home/luong/openesb-2.3.1/netbeans/soa/modules/ext/customencoder-xsdextension.jar" />
    <property name="libs.eclipselink.src" value="" />
    <property name="user.name" value="luong" />
    <property name="libs.jsf12.javadoc" value="/home/luong/openesb-2.3.1/netbeans/enterprise/docs/javaee-doc-api.jar" />
    <property name="libs.spring-webmvc3.0.maven-pom" value="" />
    <property name="libs.swing-layout.maven-pom" value="" />
    <property name="sun.java.command" value="org.apache.tools.ant.taskdefs.optional.junit.JUnitTestRunner org.netbeans.modules.compapp.catd.ConfiguredTest filtertrace=true haltOnError=false haltOnFailure=false showoutput=true outputtoformatters=true logfailedtests=true logtestlistenerevents=true formatter=org.apache.tools.ant.taskdefs.optional.junit.BriefJUnitResultFormatter formatter=org.apache.tools.ant.taskdefs.optional.junit.XMLJUnitResultFormatter,/home/luong/NetBeansProjects/CompositeDBBC/test/results/TEST-org.netbeans.modules.compapp.catd.ConfiguredTest.xml crashfile=/tmp/junitvmwatcher6027510218351079888.properties propsfile=/tmp/junit1463954982664989881.properties" />
    <property name="build.classes.dir" value="build/jar" />
    <property name="enterprise.module.install.dir" value="/home/luong/openesb-2.3.1/netbeans/enterprise/modules" />
    <property name="libs.javaee-endorsed-api-7.0.javadoc" value="/home/luong/openesb-2.3.1/netbeans/enterprise/docs/javaee-doc-api.jar" />
    <property name="libs.jaxws21.javadoc" value="/home/luong/openesb-2.3.1/netbeans/java/docs/jaxws-api-doc.zip" />
    <property name="user.country" value="US" />
    <property name="libs.jstl11.javadoc" value="/home/luong/openesb-2.3.1/netbeans/enterprise/docs/javaee-doc-api.jar" />
    <property name="libs.jsp-compilation-syscp.src" value="" />
    <property name="libs.JAVADB_DRIVER_LABEL.src" value="" />
    <property name="meta.inf" value="src/conf" />
    <property name="netbeans.system_http_non_proxy_hosts" value="" />
    <property name="ServerPassword" value="adminadmin" />
    <property name="netbeans.home" value="/home/luong/openesb-2.3.1/netbeans/platform" />
    <property name="build.compiler.emacs" value="true" />
    <property name="libs.javaee-web-api-6.0.src" value="" />
    <property name="libs.ejb3-persistence.src" value="" />
    <property name="libs.jsp-compilation-syscp.classpath" value="/home/luong/openesb-2.3.1/netbeans/java/ant/lib/ant.jar:/home/luong/openesb-2.3.1/netbeans/enterprise/modules/ext/servlet3.1-jsp2.3-api.jar:/home/luong/openesb-2.3.1/netbeans/enterprise/modules/ext/glassfish-jspparser-4.0.jar:/home/luong/openesb-2.3.1/netbeans/enterprise/modules/ext/standard.jar:/home/luong/openesb-2.3.1/netbeans/enterprise/modules/ext/jsf-2_2/javax.faces.jar" />
    <property name="java.endorsed.dirs" value="/usr/lib/jvm/jdk1.7.0_25/jre/lib/endorsed" />
    <property name="netbeans.dynamic.classpath" value="/home/luong/openesb-2.3.1/netbeans/platform/core/org-openide-filesystems.jar:/home/luong/openesb-2.3.1/netbeans/platform/core/core.jar:/home/luong/openesb-2.3.1/netbeans/platform/core/locale/org-openide-filesystems_ru.jar:/home/luong/openesb-2.3.1/netbeans/platform/core/locale/core_ja.jar:/home/luong/openesb-2.3.1/netbeans/platform/core/locale/core_pt_BR.jar:/home/luong/openesb-2.3.1/netbeans/platform/core/locale/core_ru.jar:/home/luong/openesb-2.3.1/netbeans/platform/core/locale/org-openide-filesystems_pt_BR.jar:/home/luong/openesb-2.3.1/netbeans/platform/core/locale/org-openide-filesystems_zh_CN.jar:/home/luong/openesb-2.3.1/netbeans/platform/core/locale/core_zh_CN.jar:/home/luong/openesb-2.3.1/netbeans/platform/core/locale/org-openide-filesystems_ja.jar:/home/luong/openesb-2.3.1/netbeans/bin/./../soa/core/locale/core_soa.jar:/home/luong/openesb-2.3.1/netbeans/bin/./../nb/core/org-netbeans-upgrader.jar:/home/luong/openesb-2.3.1/netbeans/bin/./../nb/core/locale/org-netbeans-upgrader_pt_BR.jar:/home/luong/openesb-2.3.1/netbeans/bin/./../nb/core/locale/org-netbeans-upgrader_ja.jar:/home/luong/openesb-2.3.1/netbeans/bin/./../nb/core/locale/core_nb.jar:/home/luong/openesb-2.3.1/netbeans/bin/./../nb/core/locale/org-netbeans-upgrader_ru.jar:/home/luong/openesb-2.3.1/netbeans/bin/./../nb/core/locale/org-netbeans-upgrader_zh_CN.jar" />
    <property name="java.vm.specification.version" value="1.7" />
    <property name="libs.primefaces.classpath" value="/home/luong/openesb-2.3.1/netbeans/enterprise/modules/ext/primefaces/primefaces-3.5.jar" />
    <property name="libs.javaee-api-6.0.classpath" value="/home/luong/openesb-2.3.1/netbeans/enterprise/modules/ext/javaee-api-6.0.jar" />
    <property name="netbeans.productversion" value="OpenESB IDE 2.3.1" />
    <property name="java.awt.headless" value="${java.awt.headless}" />
    <property name="libs.hibernate-persistence.classpath" value="/home/luong/openesb-2.3.1/netbeans/java/modules/ext/hibernate/antlr-2.7.6.jar:/home/luong/openesb-2.3.1/netbeans/java/modules/ext/hibernate/asm.jar:/home/luong/openesb-2.3.1/netbeans/java/modules/ext/hibernate/asm-attrs.jar:/home/luong/openesb-2.3.1/netbeans/java/modules/ext/hibernate/cglib-2.1.3.jar:/home/luong/openesb-2.3.1/netbeans/java/modules/ext/hibernate/commons-collections-2.1.1.jar:/home/luong/openesb-2.3.1/netbeans/ide/modules/org-apache-commons-logging.jar:/home/luong/openesb-2.3.1/netbeans/java/modules/ext/hibernate/dom4j-1.6.1.jar:/home/luong/openesb-2.3.1/netbeans/java/modules/ext/hibernate/ehcache-1.2.3.jar:/home/luong/openesb-2.3.1/netbeans/java/modules/ext/hibernate/jdbc2_0-stdext.jar:/home/luong/openesb-2.3.1/netbeans/java/modules/ext/hibernate/jta.jar:/home/luong/openesb-2.3.1/netbeans/java/modules/ext/hibernate/hibernate3.jar:/home/luong/openesb-2.3.1/netbeans/java/modules/ext/hibernate/hibernate-tools.jar:/home/luong/openesb-2.3.1/netbeans/java/modules/ext/hibernate/hibernate-annotations.jar:/home/luong/openesb-2.3.1/netbeans/java/modules/ext/hibernate/hibernate-commons-annotations.jar:/home/luong/openesb-2.3.1/netbeans/java/modules/ext/hibernate/hibernate-entitymanager.jar:/home/luong/openesb-2.3.1/netbeans/java/modules/ext/hibernate/javassist.jar:/home/luong/openesb-2.3.1/netbeans/java/modules/ext/hibernate/ejb3-persistence.jar" />
    <property name="libs.jaxws21.src" value="" />
    <property name="netbeans.autoupdate.language" value="en" />
    <property name="org.netbeans.core.startup.specialResource" value="nullcom.sun.jdo.api.persistence.mapping.ejb" />
    <property name="libs.Encoder-Framework.javadoc" value="" />
    <property name="java.vendor" value="Oracle Corporation" />
    <property name="libs.javaee-api-6.0.javadoc" value="/home/luong/openesb-2.3.1/netbeans/enterprise/docs/javaee-doc-api.jar" />
    <property name="sun.font.fontmanager" value="sun.awt.X11FontManager" />
    <property name="file.separator" value="/" />
    <property name="libs.junit_4.maven-pom" value="" />
    <property name="netbeans.buildnumber" value="201306052037" />
    <property name="libs.JWSAntTasks.javadoc" value="" />
    <property name="libs.eclipselinkmodelgen.classpath" value="/home/luong/openesb-2.3.1/netbeans/java/modules/ext/eclipselink/org.eclipse.persistence.jpa.modelgen_2.5.0.v20130507-3faac2b.jar" />
    <property name="libs.javaee-endorsed-api-7.0.src" value="" />
    <property name="sun.java.launcher" value="SUN_STANDARD" />
    <property name="libs.junit.classpath" value="/home/luong/openesb-2.3.1/netbeans/java/modules/ext/junit-3.8.2.jar" />
    <property name="libs.jaxb.javadoc" value="/home/luong/openesb-2.3.1/netbeans/ide/docs/jaxb-api-doc.zip" />
    <property name="libs.struts.classpath" value="/home/luong/openesb-2.3.1/netbeans/enterprise/modules/ext/struts/antlr-2.7.2.jar:/home/luong/openesb-2.3.1/netbeans/enterprise/modules/ext/struts/bsf-2.3.0.jar:/home/luong/openesb-2.3.1/netbeans/enterprise/modules/ext/struts/commons-beanutils-1.8.0.jar:/home/luong/openesb-2.3.1/netbeans/enterprise/modules/ext/struts/commons-chain-1.2.jar:/home/luong/openesb-2.3.1/netbeans/enterprise/modules/ext/struts/commons-digester-1.8.jar:/home/luong/openesb-2.3.1/netbeans/enterprise/modules/ext/struts/commons-fileupload-1.1.1.jar:/home/luong/openesb-2.3.1/netbeans/enterprise/modules/ext/struts/commons-io-1.1.jar:/home/luong/openesb-2.3.1/netbeans/enterprise/modules/ext/struts/commons-logging-1.0.4.jar:/home/luong/openesb-2.3.1/netbeans/enterprise/modules/ext/struts/commons-validator-1.3.1.jar:/home/luong/openesb-2.3.1/netbeans/enterprise/modules/ext/struts/jstl-1.0.2.jar:/home/luong/openesb-2.3.1/netbeans/enterprise/modules/ext/struts/oro-2.0.8.jar:/home/luong/openesb-2.3.1/netbeans/enterprise/modules/ext/struts/standard-1.0.6.jar:/home/luong/openesb-2.3.1/netbeans/enterprise/modules/ext/struts/struts-core-1.3.10.jar:/home/luong/openesb-2.3.1/netbeans/enterprise/modules/ext/struts/struts-el-1.3.10.jar:/home/luong/openesb-2.3.1/netbeans/enterprise/modules/ext/struts/struts-extras-1.3.10.jar:/home/luong/openesb-2.3.1/netbeans/enterprise/modules/ext/struts/struts-faces-1.3.10.jar:/home/luong/openesb-2.3.1/netbeans/enterprise/modules/ext/struts/struts-mailreader-dao-1.3.10.jar:/home/luong/openesb-2.3.1/netbeans/enterprise/modules/ext/struts/struts-scripting-1.3.10.jar:/home/luong/openesb-2.3.1/netbeans/enterprise/modules/ext/struts/struts-taglib-1.3.10.jar:/home/luong/openesb-2.3.1/netbeans/enterprise/modules/ext/struts/struts-tiles-1.3.10.jar" />
    <property name="ant.home" value="/home/luong/openesb-2.3.1/netbeans/java/ant" />
    <property name="libs.junit_4.src" value="/home/luong/openesb-2.3.1/netbeans/java/docs/junit-4.10-sources.jar" />
    <property name="libs.testng.classpath" value="/home/luong/openesb-2.3.1/netbeans/platform/modules/ext/testng-6.5.1-dist.jar" />
    <property name="libs.absolutelayout.maven-pom" value="" />
    <property name="ant.java.version" value="1.7" />
    <property name="java.library.path" value="/usr/lib/jvm/jdk1.7.0_25/jre/lib/amd64:/usr/lib/jvm/jdk1.7.0_25/jre/lib/i386::/usr/java/packages/lib/amd64:/usr/lib64:/lib64:/lib:/usr/lib" />
    <property name="libs.metro.maven-pom" value="" />
    <property name="libs.Encoder-HL7.classpath" value="/home/luong/openesb-2.3.1/netbeans/soa/modules/ext/hl7.jar:/home/luong/openesb-2.3.1/netbeans/soa/modules/ext/hl7encoder-xsdextension.jar" />
    <property name="java.util.logging.config.class" value="org.netbeans.core.startup.TopLogging" />
    <property name="libs.PostgreSQLDriver.src" value="" />
    <property name="sun.arch.data.model" value="64" />
    <property name="basedir" value="/home/luong/NetBeansProjects/CompositeDBBC" />
    <property name="libs.jpa20-persistence.maven-pom" value="" />
    <property name="libs.javaee-web-api-7.0.classpath" value="/home/luong/openesb-2.3.1/netbeans/enterprise/modules/ext/javaee-web-api-7.0.jar" />
    <property name="libs.jstl11.classpath" value="/home/luong/openesb-2.3.1/netbeans/enterprise/modules/ext/standard.jar:/home/luong/openesb-2.3.1/netbeans/enterprise/modules/ext/jstl.jar" />
    <property name="path.separator" value=":" />
    <property name="libs.javaee-web-api-6.0.javadoc" value="/home/luong/openesb-2.3.1/netbeans/enterprise/docs/javaee-doc-api.jar" />
    <property name="ant.junit.enabletestlistenerevents" value="true" />
    <property name="sun.io.unicode.encoding" value="UnicodeLittle" />
    <property name="libs.jaxws21.classpath" value="/home/luong/openesb-2.3.1/netbeans/ide/modules/ext/jaxb/jaxb-impl.jar:/home/luong/openesb-2.3.1/netbeans/ide/modules/ext/jaxb/jaxb-xjc.jar:/home/luong/openesb-2.3.1/netbeans/java/modules/ext/jaxws22/FastInfoset.jar:/home/luong/openesb-2.3.1/netbeans/java/modules/ext/jaxws22/gmbal-api-only.jar:/home/luong/openesb-2.3.1/netbeans/java/modules/ext/jaxws22/ha-api.jar:/home/luong/openesb-2.3.1/netbeans/java/modules/ext/jaxws22/javax.mail_1.4.jar:/home/luong/openesb-2.3.1/netbeans/java/modules/ext/jaxws22/jaxws-rt.jar:/home/luong/openesb-2.3.1/netbeans/java/modules/ext/jaxws22/jaxws-tools.jar:/home/luong/openesb-2.3.1/netbeans/java/modules/ext/jaxws22/management-api.jar:/home/luong/openesb-2.3.1/netbeans/java/modules/ext/jaxws22/mimepull.jar:/home/luong/openesb-2.3.1/netbeans/java/modules/ext/jaxws22/policy.jar:/home/luong/openesb-2.3.1/netbeans/java/modules/ext/jaxws22/saaj-impl.jar:/home/luong/openesb-2.3.1/netbeans/java/modules/ext/jaxws22/stax-ex.jar:/home/luong/openesb-2.3.1/netbeans/java/modules/ext/jaxws22/stax2-api.jar:/home/luong/openesb-2.3.1/netbeans/java/modules/ext/jaxws22/streambuffer.jar:/home/luong/openesb-2.3.1/netbeans/java/modules/ext/jaxws22/woodstox-core-asl.jar:/home/luong/openesb-2.3.1/netbeans/java/modules/ext/jaxws22/api/jaxws-api.jar:/home/luong/openesb-2.3.1/netbeans/java/modules/ext/jaxws22/api/jsr181-api.jar:/home/luong/openesb-2.3.1/netbeans/java/modules/ext/jaxws22/api/javax.annotation.jar:/home/luong/openesb-2.3.1/netbeans/java/modules/ext/jaxws22/api/saaj-api.jar:/home/luong/openesb-2.3.1/netbeans/ide/modules/ext/jaxb/activation.jar:/home/luong/openesb-2.3.1/netbeans/ide/modules/ext/jaxb/api/jaxb-api.jar:/home/luong/openesb-2.3.1/netbeans/ide/modules/ext/jaxb/api/jsr173_1.0_api.jar" />
    <property name="libs.struts.src" value="" />
    <property name="user.language" value="en" />
    <property name="libs.Encoder-Framework.src" value="" />
    <property name="libs.JAXB-ENDORSED.maven-pom" value="" />
    <property name="ant.file." value="/home/luong/NetBeansProjects/CompositeDBBC/build.xml" />
    <property name="libs.spring-framework.classpath" value="/home/luong/openesb-2.3.1/netbeans/ide/modules/org-apache-commons-logging.jar:/home/luong/openesb-2.3.1/netbeans/java/modules/ext/cglib-2.2.jar:/home/luong/openesb-2.3.1/netbeans/java/modules/ext/spring/spring-2.5.6.SEC03.jar" />
    <property name="libs.eclipselink.maven-pom" value="" />
    <property name="libs.primefaces.javadoc" value="" />
    <property name="libs.spring-framework300.maven-pom" value="" />
    <property name="ant.project.invoked-targets" value="debug-single" />
    <property name="libs.Encoder-Framework.classpath" value="/home/luong/openesb-2.3.1/netbeans/soa/modules/ext/encoderframework.jar:/home/luong/openesb-2.3.1/netbeans/soa/modules/ext/encoderfrmwk-xsdextension.jar:/home/luong/openesb-2.3.1/netbeans/soa/modules/ext/xbean.jar" />
    <property name="libs.swing-layout.javadoc" value="/home/luong/openesb-2.3.1/netbeans/platform/docs/swing-layout-1.0.4-doc.zip" />
    <property name="sun.java2d.d3d" value="false" />
    <property name="libs.ejb3-persistence.maven-pom" value="" />
    <property name="libs.PostgreSQLDriver.maven-pom" value="" />
    <property name="java.class.version" value="51.0" />
    <property name="libs.JAVADB_DRIVER_LABEL.classpath" value="/usr/lib/jvm/jdk1.7.0_25/db/lib/derby.jar:/usr/lib/jvm/jdk1.7.0_25/db/lib/derbyclient.jar:/usr/lib/jvm/jdk1.7.0_25/db/lib/derbynet.jar" />
    <property name="libs.javaee-endorsed-api-6.0.src" value="" />
    <property name="netbeans.system_http_proxy" value="DIRECT" />
    <property name="libs.eclipselink.javadoc" value="" />
    <property name="libs.jsp-compilation.maven-pom" value="" />
    <property name="user.properties.file" value="/home/luong/openesb-2.3.1/.netbeans/openesb/build.properties" />
    <property name="libs.spring-framework.src" value="" />
    <property name="libs.javac-api.maven-pom" value="" />
    <property name="file.encoding.pkg" value="sun.io" />
    <property name="sun.cpu.endian" value="little" />
    <property name="libs.JAXB-ENDORSED.javadoc" value="" />
    <property name="libs.JWSAntTasks.classpath" value="/home/luong/openesb-2.3.1/netbeans/java/ant/extra/org-netbeans-modules-javawebstart-anttasks.jar" />
    <property name="libs.spring-framework300.src" value="" />
    <property name="libs.PojoSELib.src" value="/home/luong/openesb-2.3.1/netbeans/soa/modules/ext/sun-pojo-engine-api-src.jar" />
    <property name="libs.jpa20-persistence.javadoc" value="" />
    <property name="java.home" value="/usr/lib/jvm/jdk1.7.0_25/jre" />
    <property name="libs.jsp-compilation.src" value="" />
    <property name="libs.spring-webmvc.src" value="" />
    <property name="libs.javaee-endorsed-api-6.0.classpath" value="/home/luong/openesb-2.3.1/netbeans/enterprise/modules/ext/javaee6-endorsed/javax.annotation.jar:/home/luong/openesb-2.3.1/netbeans/enterprise/modules/ext/javaee6-endorsed/jaxb-api-osgi.jar:/home/luong/openesb-2.3.1/netbeans/enterprise/modules/ext/javaee6-endorsed/webservices-api-osgi.jar" />
    <property name="libs.javaee-api-6.0.src" value="" />
    <property name="ant.project.default-target" value="default" />
    <property name="libs.PostgreSQLDriver.javadoc" value="" />
    <property name="libs.restlib.classpath" value="/home/luong/openesb-2.3.1/netbeans/enterprise/modules/ext/rest/asm-3.1.jar:/home/luong/openesb-2.3.1/netbeans/enterprise/modules/ext/rest/jackson-core-asl-1.9.2.jar:/home/luong/openesb-2.3.1/netbeans/enterprise/modules/ext/rest/jackson-jaxrs-1.9.2.jar:/home/luong/openesb-2.3.1/netbeans/enterprise/modules/ext/rest/jackson-mapper-asl-1.9.2.jar:/home/luong/openesb-2.3.1/netbeans/enterprise/modules/ext/rest/jackson-xc-1.9.2.jar:/home/luong/openesb-2.3.1/netbeans/enterprise/modules/ext/rest/jersey-apache-client-1.13.jar:/home/luong/openesb-2.3.1/netbeans/enterprise/modules/ext/rest/jersey-atom-abdera-1.13.jar:/home/luong/openesb-2.3.1/netbeans/enterprise/modules/ext/rest/jersey-client-1.13.jar:/home/luong/openesb-2.3.1/netbeans/enterprise/modules/ext/rest/jersey-core-1.13.jar:/home/luong/openesb-2.3.1/netbeans/enterprise/modules/ext/rest/jersey-guice-1.13.jar:/home/luong/openesb-2.3.1/netbeans/enterprise/modules/ext/rest/jersey-json-1.13.jar:/home/luong/openesb-2.3.1/netbeans/enterprise/modules/ext/rest/jersey-multipart-1.13.jar:/home/luong/openesb-2.3.1/netbeans/enterprise/modules/ext/rest/jersey-server-1.13.jar:/home/luong/openesb-2.3.1/netbeans/enterprise/modules/ext/rest/jersey-servlet-1.13.jar:/home/luong/openesb-2.3.1/netbeans/enterprise/modules/ext/rest/jersey-simple-server-1.13.jar:/home/luong/openesb-2.3.1/netbeans/enterprise/modules/ext/rest/jersey-spring-1.13.jar:/home/luong/openesb-2.3.1/netbeans/enterprise/modules/ext/rest/jettison-1.1.jar:/home/luong/openesb-2.3.1/netbeans/enterprise/modules/ext/rest/oauth-client-1.13.jar:/home/luong/openesb-2.3.1/netbeans/enterprise/modules/ext/rest/oauth-server-1.13.jar:/home/luong/openesb-2.3.1/netbeans/enterprise/modules/ext/rest/oauth-signature-1.13.jar:/home/luong/openesb-2.3.1/netbeans/ide/modules/ext/jaxb/activation.jar:/home/luong/openesb-2.3.1/netbeans/ide/modules/ext/jaxb/api/jaxb-api.jar:/home/luong/openesb-2.3.1/netbeans/ide/modules/ext/jaxb/api/jsr173_1.0_api.jar" />
    <property name="jbi.service-unit.description" value="Represents this Service Unit" />
    <property name="libs.MySQLDriver.maven-pom" value="" />
    <property name="libs.junit_4.javadoc" value="/home/luong/openesb-2.3.1/netbeans/java/docs/junit-4.10-javadoc.jar" />
    <property name="libs.spring-webmvc.javadoc" value="" />
    <property name="test.results.dir" value="/home/luong/NetBeansProjects/CompositeDBBC/test/results" />
    <property name="libs.javaee-web-api-6.0.maven-pom" value="" />
    <property name="libs.hibernate-support.src" value="" />
    <property name="jna.boot.library.name" value="jnidispatch-340" />
    <property name="libs.javaee-endorsed-api-6.0.javadoc" value="/home/luong/openesb-2.3.1/netbeans/enterprise/docs/javaee-doc-api.jar" />
    <property name="libs.javaee-api-7.0.classpath" value="/home/luong/openesb-2.3.1/netbeans/enterprise/modules/ext/javaee-api-7.0.jar" />
    <property name="sun.awt.datatransfer.timeout" value="1000" />
    <property name="libs.PojoSELib.classpath" value="/home/luong/openesb-2.3.1/netbeans/soa/modules/ext/sun-pojo-engine-api.jar:/home/luong/openesb-2.3.1/netbeans/soa/modules/ext/jbi.jar" />
    <property name="ant.file.type." value="file" />
    <property name="libs.spring-webmvc3.0.javadoc" value="" />
    <property name="nb.native.filechooser" value="false" />
    <property name="libs.restapi.src" value="" />
    <property name="sun.management.compiler" value="HotSpot 64-Bit Tiered Compilers" />
    <property name="sun.java2d.noddraw" value="true" />
    <property name="libs.jsp-compiler.classpath" value="/home/luong/openesb-2.3.1/netbeans/enterprise/ant/extra/jspcompile.jar" />
    <property name="libs.spring-webmvc.classpath" value="/home/luong/openesb-2.3.1/netbeans/enterprise/modules/ext/spring/spring-webmvc-2.5.6.SEC03.jar" />
    <property name="ant.file" value="/home/luong/NetBeansProjects/CompositeDBBC/build.xml" />
    <property name="libs.beans-binding.maven-pom" value="" />
    <property name="com.sun.jbi.routing.bc.autoconnect" value="true" />
    <property name="libs.jsf12.classpath" value="/home/luong/openesb-2.3.1/netbeans/enterprise/modules/ext/jsf-1_2/commons-beanutils.jar:/home/luong/openesb-2.3.1/netbeans/enterprise/modules/ext/jsf-1_2/commons-collections.jar:/home/luong/openesb-2.3.1/netbeans/enterprise/modules/ext/jsf-1_2/commons-digester.jar:/home/luong/openesb-2.3.1/netbeans/enterprise/modules/ext/jsf-1_2/commons-logging.jar:/home/luong/openesb-2.3.1/netbeans/enterprise/modules/ext/jsf-1_2/jsf-api.jar:/home/luong/openesb-2.3.1/netbeans/enterprise/modules/ext/jsf-1_2/jsf-impl.jar" />
    <property name="libs.Encoder-HL7.src" value="" />
    <property name="GenerateATSOutput" value="${generate.ats.output}" />
    <property name="ant.file.CompositeDBBC-jbi-impl" value="/home/luong/NetBeansProjects/CompositeDBBC/nbproject/build-impl.xml" />
    <property name="libs.restapi.maven-pom" value="" />
    <property name="no.catd.context" value="true" />
    <property name="libs.beans-binding.src" value="" />
    <property name="java.vm.specification.vendor" value="Oracle Corporation" />
    <property name="libs.swing-layout.src" value="/home/luong/openesb-2.3.1/netbeans/platform/docs/swing-layout-1.0.4-src.zip" />
    <property name="org.openide.major.version" value="IDE/1" />
    <property name="java.vm.name" value="Java HotSpot(TM) 64-Bit Server VM" />
    <property name="libs.Encoder-Custom.maven-pom" value="" />
    <property name="netbeans.user" value="/home/luong/openesb-2.3.1/.netbeans/openesb" />
    <property name="java.io.tmpdir" value="/tmp" />
    <property name="java.vendor.url" value="http://java.oracle.com/" />
    <property name="libs.jsp-compiler.src" value="" />
    <property name="libs.Encoder-COCO.src" value="" />
    <property name="sun.boot.library.path" value="/usr/lib/jvm/jdk1.7.0_25/jre/lib/amd64" />
    <property name="libs.jsf20.classpath" value="/home/luong/openesb-2.3.1/netbeans/enterprise/modules/ext/jsf-2_2/javax.faces.jar" />
    <property name="src.build.dir" value="src/jbiServiceUnits" />
    <property name="resource.DatabaseBC" value="../DatabaseBC/setup" />
    <property name="dist.jar" value="dist/CompositeDBBC.zip" />
    <property name="java.runtime.name" value="Java(TM) SE Runtime Environment" />
    <property name="ant.project.name" value="" />
    <property name="libs.PojoSELib.javadoc" value="/home/luong/openesb-2.3.1/netbeans/soa/modules/ext/sun-pojo-engine-api-javadoc.jar" />
    <property name="netbeans.hash.code" value="unique=NB_GLASSFISH037d3156e-9cb0-4cdd-8d97-9d7e1568abbf" />
    <property name="libs.jsp-compilation-syscp.maven-pom" value="" />
    <property name="sun.cpu.isalist" value="" />
    <property name="libs.CopyLibs.javadoc" value="" />
    <property name="org.openide.specification.version" value="6.2" />
    <property name="libs.hibernate-support.classpath" value="/home/luong/openesb-2.3.1/netbeans/java/modules/ext/hibernate/antlr-2.7.6.jar:/home/luong/openesb-2.3.1/netbeans/java/modules/ext/hibernate/asm.jar:/home/luong/openesb-2.3.1/netbeans/java/modules/ext/hibernate/asm-attrs.jar:/home/luong/openesb-2.3.1/netbeans/java/modules/ext/hibernate/cglib-2.1.3.jar:/home/luong/openesb-2.3.1/netbeans/java/modules/ext/hibernate/commons-collections-2.1.1.jar:/home/luong/openesb-2.3.1/netbeans/ide/modules/org-apache-commons-logging.jar:/home/luong/openesb-2.3.1/netbeans/java/modules/ext/hibernate/dom4j-1.6.1.jar:/home/luong/openesb-2.3.1/netbeans/java/modules/ext/hibernate/ehcache-1.2.3.jar:/home/luong/openesb-2.3.1/netbeans/java/modules/ext/hibernate/jdbc2_0-stdext.jar:/home/luong/openesb-2.3.1/netbeans/java/modules/ext/hibernate/jta.jar:/home/luong/openesb-2.3.1/netbeans/java/modules/ext/hibernate/hibernate3.jar:/home/luong/openesb-2.3.1/netbeans/java/modules/ext/hibernate/hibernate-tools.jar:/home/luong/openesb-2.3.1/netbeans/java/modules/ext/hibernate/hibernate-annotations.jar:/home/luong/openesb-2.3.1/netbeans/java/modules/ext/hibernate/hibernate-commons-annotations.jar:/home/luong/openesb-2.3.1/netbeans/java/modules/ext/hibernate/hibernate-entitymanager.jar:/home/luong/openesb-2.3.1/netbeans/java/modules/ext/hibernate/javassist.jar" />
    <property name="user.home" value="/home/luong" />
    <property name="libs.primefaces.maven-pom" value="" />
    <property name="com.sun.jbi.routing" value="true" />
    <property name="libs.javaee-api-6.0.maven-pom" value="" />
    <property name="libs.JWSAntTasks.src" value="" />
    <property name="libs.CopyLibs.maven-pom" value="" />
    <property name="libs.spring-framework300.javadoc" value="" />
    <property name="libs.hibernate-persistence.maven-pom" value="" />
    <property name="libs.absolutelayout.javadoc" value="" />
    <property name="java.specification.name" value="Java Platform API Specification" />
    <property name="libs.Encoder-COCO.maven-pom" value="" />
    <property name="ide.module.install.dir" value="/home/luong/openesb-2.3.1/netbeans/ide/modules" />
    <property name="java.specification.vendor" value="Oracle Corporation" />
    <property name="libs.javac-api.classpath" value="/home/luong/openesb-2.3.1/netbeans/java/modules/ext/nb-javac-api.jar" />
    <property name="java.version" value="1.7.0_25" />
    <property name="libs.MySQLDriver.javadoc" value="" />
    <property name="org.openide.version" value="deprecated" />
    <property name="source.encoding" value="UTF-8" />
    <property name="libs.eclipselinkmodelgen.maven-pom" value="" />
    <property name="libs.jsp-compilation-syscp.javadoc" value="" />
    <property name="server.password" value="adminadmin" />
    <property name="libs.junit.maven-pom" value="" />
    <property name="libs.eclipselinkmodelgen.javadoc" value="" />
    <property name="libs.javaee-endorsed-api-7.0.classpath" value="/home/luong/openesb-2.3.1/netbeans/enterprise/modules/ext/javaee7-endorsed/javax.annotation-api.jar:/home/luong/openesb-2.3.1/netbeans/enterprise/modules/ext/javaee7-endorsed/javax.xml.soap-api.jar:/home/luong/openesb-2.3.1/netbeans/enterprise/modules/ext/javaee7-endorsed/jaxb-api-osgi.jar:/home/luong/openesb-2.3.1/netbeans/enterprise/modules/ext/javaee7-endorsed/jaxws-api.jar:/home/luong/openesb-2.3.1/netbeans/enterprise/modules/ext/javaee7-endorsed/jsr181-api.jar" />
    <property name="libs.metro.javadoc" value="/home/luong/openesb-2.3.1/netbeans/enterprise/docs/metro-1.4-doc.zip" />
    <property name="libs.struts.maven-pom" value="" />
    <property name="libs.testng.maven-pom" value="" />
    <property name="NetBeansUserDir" value="/home/luong/openesb-2.3.1/.netbeans/openesb" />
    <property name="test.dir" value="test" />
    <property name="libs.jaxb.src" value="" />
    <property name="libs.Encoder-HL7.maven-pom" value="" />
    <property name="libs.jaxb.classpath" value="/home/luong/openesb-2.3.1/netbeans/ide/modules/ext/jaxb/jaxb-impl.jar:/home/luong/openesb-2.3.1/netbeans/ide/modules/ext/jaxb/jaxb-xjc.jar:/home/luong/openesb-2.3.1/netbeans/ide/modules/ext/jaxb/jaxb1-impl.jar:/home/luong/openesb-2.3.1/netbeans/ide/modules/ext/jaxb/activation.jar:/home/luong/openesb-2.3.1/netbeans/ide/modules/ext/jaxb/api/jaxb-api.jar:/home/luong/openesb-2.3.1/netbeans/ide/modules/ext/jaxb/api/jsr173_1.0_api.jar" />
    <property name="libs.swing-layout.classpath" value="/home/luong/openesb-2.3.1/netbeans/platform/modules/ext/swing-layout-1.0.4.jar" />
    <property name="libs.spring-webmvc3.0.classpath" value="/home/luong/openesb-2.3.1/netbeans/java/modules/ext/spring-3.0/spring-webmvc-3.1.1.RELEASE.jar" />
    <property name="libs.javaee-web-api-7.0.maven-pom" value="" />
    <property name="libs.restlib.src" value="" />
    <property name="build.generated.dir" value="build/generated" />
    <property name="libs.hibernate-persistence.src" value="" />
    <property name="line.separator" value="&#xa;" />
    <property name="java.specification.version" value="1.7" />
    <property name="libs.jaxws21.maven-pom" value="" />
    <property name="java.vm.info" value="mixed mode" />
    <property name="nb.registration.enabled" value="false" />
    <property name="ant.file.type.CompositeDBBC-jbi-impl" value="file" />
    <property name="libs.spring-framework.maven-pom" value="" />
    <property name="sun.boot.class.path" value="/usr/lib/jvm/jdk1.7.0_25/jre/lib/resources.jar:/usr/lib/jvm/jdk1.7.0_25/jre/lib/rt.jar:/usr/lib/jvm/jdk1.7.0_25/jre/lib/sunrsasign.jar:/usr/lib/jvm/jdk1.7.0_25/jre/lib/jsse.jar:/usr/lib/jvm/jdk1.7.0_25/jre/lib/jce.jar:/usr/lib/jvm/jdk1.7.0_25/jre/lib/charsets.jar:/usr/lib/jvm/jdk1.7.0_25/jre/lib/jfr.jar:/usr/lib/jvm/jdk1.7.0_25/jre/classes" />
    <property name="src.dir" value="src/jbiasa" />
    <property name="libs.Encoder-Framework.maven-pom" value="" />
    <property name="libs.jsf20.src" value="" />
    <property name="libs.jpa20-persistence.src" value="" />
    <property name="libs.jsf12.src" value="" />
    <property name="libs.JAVADB_DRIVER_LABEL.maven-pom" value="" />
    <property name="libs.struts.javadoc" value="/home/luong/openesb-2.3.1/netbeans/enterprise/docs/struts-1.3.10-javadoc.zip" />
    <property name="libs.javaee-web-api-7.0.src" value="" />
    <property name="libs.primefaces.src" value="" />
    <property name="dist.dir" value="dist" />
    <property name="org.netbeans.modules.compapp.catd.context" value="" />
    <property name="inDebug" value="true" />
    <property name="java.awt.printerjob" value="sun.print.PSPrinterJob" />
    <property name="default.javac.source" value="1.7" />
    <property name="libs.MySQLDriver.src" value="" />
    <property name="sun.jnu.encoding" value="UTF-8" />
    <property name="jbi.service-assembly.id" value="CompositeDBBC" />
    <property name="libs.Encoder-COCO.javadoc" value="" />
    <property name="java.runtime.version" value="1.7.0_25-b15" />
    <property name="libs.ejb3-persistence.javadoc" value="" />
    <property name="jna.platform.library.path" value="/usr/lib/x86_64-linux-gnu:/lib/x86_64-linux-gnu:/lib64:/usr/lib:/lib" />
    <property name="jbi.service-assembly.description" value="Represents the Service Assembly of CompositeDBBC" />
    <property name="default.javac.target" value="1.7" />
    <property name="libs.junit_4.classpath" value="/home/luong/openesb-2.3.1/netbeans/platform/modules/ext/junit-4.10.jar" />
    <property name="user.timezone" value="" />
    <property name="java.module.install.dir" value="/home/luong/openesb-2.3.1/netbeans/java/modules" />
    <property name="libs.JAVADB_DRIVER_LABEL.javadoc" value="" />
    <property name="libs.javaee-endorsed-api-6.0.maven-pom" value="" />
    <property name="netbeans.dirs" value="./../soa:./../apisupport:./../enterprise:./../ergonomics:./../harness:./../ide:./../java:./../nb:./../profiler:./../webcommon:./../websvccommon:" />
    <property name="libs.jsf20.javadoc" value="/home/luong/openesb-2.3.1/netbeans/enterprise/docs/javaee-doc-api.jar" />
    <property name="java.ext.dirs" value="/usr/lib/jvm/jdk1.7.0_25/jre/lib/ext:/usr/java/packages/lib/ext" />
    <property name="project.DatabaseBC" value="../DatabaseBC" />
    <property name="libs.metro.src" value="" />
    <property name="libs.absolutelayout.classpath" value="/home/luong/openesb-2.3.1/netbeans/java/modules/ext/AbsoluteLayout.jar" />
    <property name="libs.restlib.maven-pom" value="" />
    <property name="libs.metro.classpath" value="/home/luong/openesb-2.3.1/netbeans/ide/modules/ext/jaxb/activation.jar:/home/luong/openesb-2.3.1/netbeans/enterprise/modules/ext/metro/webservices-api.jar:/home/luong/openesb-2.3.1/netbeans/enterprise/modules/ext/metro/webservices-extra-api.jar:/home/luong/openesb-2.3.1/netbeans/enterprise/modules/ext/metro/webservices-extra.jar:/home/luong/openesb-2.3.1/netbeans/enterprise/modules/ext/metro/webservices-rt.jar:/home/luong/openesb-2.3.1/netbeans/enterprise/modules/ext/metro/webservices-tools.jar" />
    <property name="jbi.content.component" value="sun-bpel-engine" />
    <property name="java.class.path" value="/home/luong/openesb-2.3.1/netbeans/soa/modules/org-netbeans-modules-compapp-manager-jbi.jar:/home/luong/openesb-2.3.1/netbeans/soa/modules/org-netbeans-modules-compapp-projects-jbi.jar:/home/luong/openesb-2.3.1/netbeans/soa/modules/ext/jbi-admin-common.jar:/home/luong/openesb-2.3.1/netbeans/soa/modules/ext/catd.jar:/home/luong/openesb-2.3.1/netbeans/java/modules/ext/junit-3.8.2.jar:/home/luong/openesb-2.3.1/netbeans/java/modules/ext/jaxws22/api/saaj-api.jar:/home/luong/openesb-2.3.1/netbeans/java/modules/ext/jaxws22/saaj-impl.jar:/home/luong/openesb-2.3.1/netbeans/java/modules/ext/jaxws22/FastInfoset.jar:/home/luong/openesb-2.3.1/netbeans/ide/modules/org-netbeans-modules-editor-lib.jar:/home/luong/openesb-2.3.1/netbeans/ide/modules/org-netbeans-modules-editor.jar:/home/luong/openesb-2.3.1/netbeans/ide/modules/org-netbeans-modules-editor-deprecated-pre65formatting.jar:/home/luong/openesb-2.3.1/netbeans/ide/modules/org-netbeans-modules-editor-util.jar:/home/luong/openesb-2.3.1/netbeans/ide/modules/org-netbeans-modules-editor-lib2.jar:/home/luong/openesb-2.3.1/netbeans/ide/modules/org-netbeans-modules-editor-indent.jar:/home/luong/openesb-2.3.1/netbeans/ide/modules/org-netbeans-modules-editor-plain.jar:/home/luong/openesb-2.3.1/netbeans/ide/modules/org-netbeans-modules-editor-plain-lib.jar:/home/luong/openesb-2.3.1/netbeans/ide/modules/org-netbeans-modules-editor-settings.jar:/home/luong/openesb-2.3.1/netbeans/ide/modules/org-netbeans-modules-editor-settings-storage.jar:/home/luong/openesb-2.3.1/netbeans/ide/modules/org-netbeans-modules-lexer.jar:/home/luong/openesb-2.3.1/netbeans/ide/modules/org-netbeans-modules-xml-core.jar:/home/luong/openesb-2.3.1/netbeans/ide/modules/org-netbeans-modules-xml-lexer.jar:/home/luong/openesb-2.3.1/netbeans/ide/modules/org-netbeans-modules-xml-text.jar:/home/luong/openesb-2.3.1/netbeans/ide/modules/org-netbeans-modules-xml-xdm.jar:/home/luong/openesb-2.3.1/netbeans/ide/modules/org-netbeans-modules-xml-xam.jar:/home/luong/openesb-2.3.1/netbeans/ide/modules/org-netbeans-modules-csl-api.jar:/home/luong/openesb-2.3.1/netbeans/ide/modules/ext/jaxb/activation.jar:/home/luong/openesb-2.3.1/netbeans/platform/lib/org-openide-modules.jar:/home/luong/openesb-2.3.1/netbeans/platform/lib/org-openide-util.jar:/home/luong/openesb-2.3.1/netbeans/platform/lib/org-openide-util-lookup.jar:/home/luong/openesb-2.3.1/netbeans/platform/modules/org-openide-awt.jar:/home/luong/openesb-2.3.1/netbeans/platform/modules/org-openide-options.jar:/home/luong/openesb-2.3.1/netbeans/platform/modules/org-openide-text.jar:/home/luong/openesb-2.3.1/netbeans/platform/modules/org-openide-loaders.jar:/home/luong/openesb-2.3.1/netbeans/platform/modules/org-openide-nodes.jar:/home/luong/openesb-2.3.1/netbeans/platform/modules/org-netbeans-modules-editor-mimelookup.jar:/home/luong/openesb-2.3.1/netbeans/platform/modules/org-netbeans-modules-editor-mimelookup-impl.jar:/home/luong/openesb-2.3.1/netbeans/platform/core/org-openide-filesystems.jar:/home/luong/openesb-2.3.1/netbeans/platform/modules/org-netbeans-modules-keyring.jar:/home/luong/openesb-2.3.1/netbeans/platform/modules/org-openide-dialogs.jar:/home/luong/openesb-2.3.1/netbeans/java/ant/lib/ant-launcher.jar:/home/luong/openesb-2.3.1/netbeans/java/ant/lib/ant.jar:/home/luong/openesb-2.3.1/netbeans/java/ant/lib/ant-junit.jar:/home/luong/openesb-2.3.1/netbeans/java/ant/lib/ant-junit4.jar" />
    <property name="libs.absolutelayout.src" value="" />
    <property name="libs.jpa20-persistence.classpath" value="/home/luong/openesb-2.3.1/netbeans/java/modules/ext/eclipselink/javax.persistence_2.1.0.v201304241213.jar" />
    <property name="os.version" value="3.8.0-35-generic" />
    <property name="libs.javaee-api-7.0.maven-pom" value="" />
    <property name="sun.awt.enableExtraMouseButtons" value="true" />
    <property name="sun.desktop" value="gnome" />
    <property name="libs.PojoSELib.maven-pom" value="" />
    <property name="libs.restlib.javadoc" value="/home/luong/openesb-2.3.1/netbeans/enterprise/docs/jersey-1.13-javadoc.zip:/home/luong/openesb-2.3.1/netbeans/enterprise/docs/jersey-apache-client-1.13-javadoc.zip:/home/luong/openesb-2.3.1/netbeans/enterprise/docs/jersey-atom-abdera-1.13-javadoc.zip:/home/luong/openesb-2.3.1/netbeans/enterprise/docs/jersey-guice-1.13-javadoc.zip:/home/luong/openesb-2.3.1/netbeans/enterprise/docs/jersey-multipart-1.13-javadoc.zip:/home/luong/openesb-2.3.1/netbeans/enterprise/docs/jersey-simple-server-1.13-javadoc.zip:/home/luong/openesb-2.3.1/netbeans/enterprise/docs/jersey-spring-1.13-javadoc.zip:/home/luong/openesb-2.3.1/netbeans/enterprise/docs/oauth-client-1.13-javadoc.zip:/home/luong/openesb-2.3.1/netbeans/enterprise/docs/oauth-server-1.13-javadoc.zip:/home/luong/openesb-2.3.1/netbeans/enterprise/docs/oauth-signature-1.13-javadoc.zip" />
    <property name="libs.JAXB-ENDORSED.classpath" value="/home/luong/openesb-2.3.1/netbeans/ide/modules/ext/jaxb/api/jaxb-api.jar" />
    <property name="libs.javaee-api-7.0.javadoc" value="/home/luong/openesb-2.3.1/netbeans/enterprise/docs/javaee-doc-api.jar" />
    <property name="libs.eclipselink.classpath" value="/home/luong/openesb-2.3.1/netbeans/java/modules/ext/eclipselink/eclipselink.jar:/home/luong/openesb-2.3.1/netbeans/java/modules/ext/eclipselink/javax.persistence_2.1.0.v201304241213.jar:/home/luong/openesb-2.3.1/netbeans/java/modules/ext/eclipselink/org.eclipse.persistence.jpa.jpql_2.5.0.v20130507-3faac2b.jar" />
    <property name="libs.beans-binding.javadoc" value="/home/luong/openesb-2.3.1/netbeans/java/docs/beansbinding-1.2.1-doc.zip" />
    <property name="java.awt.graphicsenv" value="sun.awt.X11GraphicsEnvironment" />
    <property name="java.vm.vendor" value="Oracle Corporation" />
    <property name="libs.CopyLibs.classpath" value="/home/luong/openesb-2.3.1/netbeans/java/ant/extra/org-netbeans-modules-java-j2seproject-copylibstask.jar" />
    <property name="libs.spring-framework300.classpath" value="/home/luong/openesb-2.3.1/netbeans/ide/modules/org-apache-commons-logging.jar:/home/luong/openesb-2.3.1/netbeans/java/modules/ext/cglib-2.2.jar:/home/luong/openesb-2.3.1/netbeans/java/modules/ext/spring-3.0/spring-aop-3.1.1.RELEASE.jar:/home/luong/openesb-2.3.1/netbeans/java/modules/ext/spring-3.0/spring-asm-3.1.1.RELEASE.jar:/home/luong/openesb-2.3.1/netbeans/java/modules/ext/spring-3.0/spring-aspects-3.1.1.RELEASE.jar:/home/luong/openesb-2.3.1/netbeans/java/modules/ext/spring-3.0/spring-beans-3.1.1.RELEASE.jar:/home/luong/openesb-2.3.1/netbeans/java/modules/ext/spring-3.0/spring-context-3.1.1.RELEASE.jar:/home/luong/openesb-2.3.1/netbeans/java/modules/ext/spring-3.0/spring-context-support-3.1.1.RELEASE.jar:/home/luong/openesb-2.3.1/netbeans/java/modules/ext/spring-3.0/spring-core-3.1.1.RELEASE.jar:/home/luong/openesb-2.3.1/netbeans/java/modules/ext/spring-3.0/spring-expression-3.1.1.RELEASE.jar:/home/luong/openesb-2.3.1/netbeans/java/modules/ext/spring-3.0/spring-instrument-3.1.1.RELEASE.jar:/home/luong/openesb-2.3.1/netbeans/java/modules/ext/spring-3.0/spring-instrument-tomcat-3.1.1.RELEASE.jar:/home/luong/openesb-2.3.1/netbeans/java/modules/ext/spring-3.0/spring-jdbc-3.1.1.RELEASE.jar:/home/luong/openesb-2.3.1/netbeans/java/modules/ext/spring-3.0/spring-jms-3.1.1.RELEASE.jar:/home/luong/openesb-2.3.1/netbeans/java/modules/ext/spring-3.0/spring-orm-3.1.1.RELEASE.jar:/home/luong/openesb-2.3.1/netbeans/java/modules/ext/spring-3.0/spring-oxm-3.1.1.RELEASE.jar:/home/luong/openesb-2.3.1/netbeans/java/modules/ext/spring-3.0/spring-test-3.1.1.RELEASE.jar:/home/luong/openesb-2.3.1/netbeans/java/modules/ext/spring-3.0/spring-tx-3.1.1.RELEASE.jar:/home/luong/openesb-2.3.1/netbeans/java/modules/ext/spring-3.0/spring-web-3.1.1.RELEASE.jar:/home/luong/openesb-2.3.1/netbeans/java/modules/ext/spring-3.0/spring-webmvc-portlet-3.1.1.RELEASE.jar:/home/luong/openesb-2.3.1/netbeans/java/modules/ext/spring-3.0/spring-webmvc-3.1.1.RELEASE.jar:/home/luong/openesb-2.3.1/netbeans/java/modules/ext/spring-3.0/spring-struts-3.1.1.RELEASE.jar" />
    <property name="libs.jsp-compiler.maven-pom" value="" />
    <property name="libs.Encoder-COCO.classpath" value="/home/luong/openesb-2.3.1/netbeans/soa/modules/ext/coco.jar:/home/luong/openesb-2.3.1/netbeans/soa/modules/ext/cocoencoder-xsdextension.jar" />
    <property name="libs.spring-webmvc.maven-pom" value="" />
    <property name="libs.ejb3-persistence.classpath" value="/home/luong/openesb-2.3.1/netbeans/java/modules/ext/hibernate/ejb3-persistence.jar" />
    <property name="libs.JAXB-ENDORSED.src" value="" />
    <property name="libs.spring-framework.javadoc" value="" />
    <property name="libs.testng.javadoc" value="/home/luong/openesb-2.3.1/netbeans/platform/docs/testng-6.5.1-javadoc.zip" />
    <property name="libs.PostgreSQLDriver.classpath" value="/home/luong/openesb-2.3.1/netbeans/ide/modules/ext/postgresql-9.2-1002.jdbc4.jar" />
    <property name="libs.jsf12.maven-pom" value="" />
    <property name="soa.module.install.dir" value="/home/luong/openesb-2.3.1/netbeans/soa/modules" />
    <property name="libs.Encoder-Custom.src" value="" />
    <property name="libs.junit.src" value="" />
    <property name="libs.CopyLibs.src" value="" />
    <property name="build.dir" value="build" />
    <property name="libs.jsp-compilation.classpath" value="/home/luong/openesb-2.3.1/netbeans/java/ant/lib/ant.jar:/home/luong/openesb-2.3.1/netbeans/enterprise/modules/ext/servlet3.1-jsp2.3-api.jar:/home/luong/openesb-2.3.1/netbeans/enterprise/modules/ext/glassfish-jspparser-4.0.jar:/home/luong/openesb-2.3.1/netbeans/enterprise/modules/ext/jsf-2_2/javax.faces.jar:/home/luong/openesb-2.3.1/netbeans/enterprise/modules/ext/jstl.jar:/home/luong/openesb-2.3.1/netbeans/java/ant/lib/ant-launcher.jar" />
    <property name="ant.version" value="Apache Ant(TM) version 1.8.4 compiled on May 22 2012" />
    <property name="file.encoding" value="UTF-8" />
    <property name="awt.toolkit" value="sun.awt.X11.XToolkit" />
    <property name="libs.javaee-web-api-7.0.javadoc" value="/home/luong/openesb-2.3.1/netbeans/enterprise/docs/javaee-doc-api.jar" />
  </properties>
  <testcase classname="org.netbeans.modules.compapp.catd.ConfiguredTest" name="TestCase1" time="1.395">
    <failure message="[Jan 8, 2014 6:30:58 PM] The response is not identical to the expected output." type="junit.framework.AssertionFailedError">junit.framework.AssertionFailedError: [Jan 8, 2014 6:30:58 PM] The response is not identical to the expected output.
	at org.netbeans.modules.compapp.catd.ConfiguredTest.checkExpectedOutput(ConfiguredTest.java:2354)
	at org.netbeans.modules.compapp.catd.ConfiguredTest.checkExpectedOutput(ConfiguredTest.java:2224)
	at org.netbeans.modules.compapp.catd.ConfiguredTest.testConcurrentSOAPRequest(ConfiguredTest.java:867)
</failure>
  </testcase>
  <system-out><![CDATA[GenerateATSOutput=${generate.ats.output}
NetBeansUserDir=/home/luong/openesb-2.3.1/.netbeans/openesb
ServerPassword=adminadmin
awt.toolkit=sun.awt.X11.XToolkit
file.encoding=UTF-8
file.encoding.pkg=sun.io
file.separator=/
inDebug=true
java.awt.graphicsenv=sun.awt.X11GraphicsEnvironment
java.awt.headless=${java.awt.headless}
java.awt.printerjob=sun.print.PSPrinterJob
java.class.path=/home/luong/openesb-2.3.1/netbeans/soa/modules/org-netbeans-modules-compapp-manager-jbi.jar:/home/luong/openesb-2.3.1/netbeans/soa/modules/org-netbeans-modules-compapp-projects-jbi.jar:/home/luong/openesb-2.3.1/netbeans/soa/modules/ext/jbi-admin-common.jar:/home/luong/openesb-2.3.1/netbeans/soa/modules/ext/catd.jar:/home/luong/openesb-2.3.1/netbeans/java/modules/ext/junit-3.8.2.jar:/home/luong/openesb-2.3.1/netbeans/java/modules/ext/jaxws22/api/saaj-api.jar:/home/luong/openesb-2.3.1/netbeans/java/modules/ext/jaxws22/saaj-impl.jar:/home/luong/openesb-2.3.1/netbeans/java/modules/ext/jaxws22/FastInfoset.jar:/home/luong/openesb-2.3.1/netbeans/ide/modules/org-netbeans-modules-editor-lib.jar:/home/luong/openesb-2.3.1/netbeans/ide/modules/org-netbeans-modules-editor.jar:/home/luong/openesb-2.3.1/netbeans/ide/modules/org-netbeans-modules-editor-deprecated-pre65formatting.jar:/home/luong/openesb-2.3.1/netbeans/ide/modules/org-netbeans-modules-editor-util.jar:/home/luong/openesb-2.3.1/netbeans/ide/modules/org-netbeans-modules-editor-lib2.jar:/home/luong/openesb-2.3.1/netbeans/ide/modules/org-netbeans-modules-editor-indent.jar:/home/luong/openesb-2.3.1/netbeans/ide/modules/org-netbeans-modules-editor-plain.jar:/home/luong/openesb-2.3.1/netbeans/ide/modules/org-netbeans-modules-editor-plain-lib.jar:/home/luong/openesb-2.3.1/netbeans/ide/modules/org-netbeans-modules-editor-settings.jar:/home/luong/openesb-2.3.1/netbeans/ide/modules/org-netbeans-modules-editor-settings-storage.jar:/home/luong/openesb-2.3.1/netbeans/ide/modules/org-netbeans-modules-lexer.jar:/home/luong/openesb-2.3.1/netbeans/ide/modules/org-netbeans-modules-xml-core.jar:/home/luong/openesb-2.3.1/netbeans/ide/modules/org-netbeans-modules-xml-lexer.jar:/home/luong/openesb-2.3.1/netbeans/ide/modules/org-netbeans-modules-xml-text.jar:/home/luong/openesb-2.3.1/netbeans/ide/modules/org-netbeans-modules-xml-xdm.jar:/home/luong/openesb-2.3.1/netbeans/ide/modules/org-netbeans-modules-xml-xam.jar:/home/luong/openesb-2.3.1/netbeans/ide/modules/org-netbeans-modules-csl-api.jar:/home/luong/openesb-2.3.1/netbeans/ide/modules/ext/jaxb/activation.jar:/home/luong/openesb-2.3.1/netbeans/platform/lib/org-openide-modules.jar:/home/luong/openesb-2.3.1/netbeans/platform/lib/org-openide-util.jar:/home/luong/openesb-2.3.1/netbeans/platform/lib/org-openide-util-lookup.jar:/home/luong/openesb-2.3.1/netbeans/platform/modules/org-openide-awt.jar:/home/luong/openesb-2.3.1/netbeans/platform/modules/org-openide-options.jar:/home/luong/openesb-2.3.1/netbeans/platform/modules/org-openide-text.jar:/home/luong/openesb-2.3.1/netbeans/platform/modules/org-openide-loaders.jar:/home/luong/openesb-2.3.1/netbeans/platform/modules/org-openide-nodes.jar:/home/luong/openesb-2.3.1/netbeans/platform/modules/org-netbeans-modules-editor-mimelookup.jar:/home/luong/openesb-2.3.1/netbeans/platform/modules/org-netbeans-modules-editor-mimelookup-impl.jar:/home/luong/openesb-2.3.1/netbeans/platform/core/org-openide-filesystems.jar:/home/luong/openesb-2.3.1/netbeans/platform/modules/org-netbeans-modules-keyring.jar:/home/luong/openesb-2.3.1/netbeans/platform/modules/org-openide-dialogs.jar:/home/luong/openesb-2.3.1/netbeans/java/ant/lib/ant-launcher.jar:/home/luong/openesb-2.3.1/netbeans/java/ant/lib/ant.jar:/home/luong/openesb-2.3.1/netbeans/java/ant/lib/ant-junit.jar:/home/luong/openesb-2.3.1/netbeans/java/ant/lib/ant-junit4.jar
java.class.version=51.0
java.endorsed.dirs=/usr/lib/jvm/jdk1.7.0_25/jre/lib/endorsed
java.ext.dirs=/usr/lib/jvm/jdk1.7.0_25/jre/lib/ext:/usr/java/packages/lib/ext
java.home=/usr/lib/jvm/jdk1.7.0_25/jre
java.io.tmpdir=/tmp
java.library.path=/usr/lib/jvm/jdk1.7.0_25/jre/lib/amd64:/usr/lib/jvm/jdk1.7.0_25/jre/lib/i386::/usr/java/packages/lib/amd64:/usr/lib64:/lib64:/lib:/usr/lib
java.runtime.name=Java(TM) SE Runtime Environment
java.runtime.version=1.7.0_25-b15
java.specification.name=Java Platform API Specification
java.specification.vendor=Oracle Corporation
java.specification.version=1.7
java.vendor=Oracle Corporation
java.vendor.url=http://java.oracle.com/
java.vendor.url.bug=http://bugreport.sun.com/bugreport/
java.version=1.7.0_25
java.vm.info=mixed mode
java.vm.name=Java HotSpot(TM) 64-Bit Server VM
java.vm.specification.name=Java Virtual Machine Specification
java.vm.specification.vendor=Oracle Corporation
java.vm.specification.version=1.7
java.vm.vendor=Oracle Corporation
java.vm.version=23.25-b01
line.separator=

org.netbeans.modules.compapp.catd.context=
os.arch=amd64
os.name=Linux
os.version=3.8.0-35-generic
path.separator=:
sun.arch.data.model=64
sun.boot.class.path=/usr/lib/jvm/jdk1.7.0_25/jre/lib/resources.jar:/usr/lib/jvm/jdk1.7.0_25/jre/lib/rt.jar:/usr/lib/jvm/jdk1.7.0_25/jre/lib/sunrsasign.jar:/usr/lib/jvm/jdk1.7.0_25/jre/lib/jsse.jar:/usr/lib/jvm/jdk1.7.0_25/jre/lib/jce.jar:/usr/lib/jvm/jdk1.7.0_25/jre/lib/charsets.jar:/usr/lib/jvm/jdk1.7.0_25/jre/lib/jfr.jar:/usr/lib/jvm/jdk1.7.0_25/jre/classes
sun.boot.library.path=/usr/lib/jvm/jdk1.7.0_25/jre/lib/amd64
sun.cpu.endian=little
sun.cpu.isalist=
sun.desktop=gnome
sun.io.unicode.encoding=UnicodeLittle
sun.java.command=org.apache.tools.ant.taskdefs.optional.junit.JUnitTestRunner org.netbeans.modules.compapp.catd.ConfiguredTest filtertrace=true haltOnError=false haltOnFailure=false showoutput=true outputtoformatters=true logfailedtests=true logtestlistenerevents=true formatter=org.apache.tools.ant.taskdefs.optional.junit.BriefJUnitResultFormatter formatter=org.apache.tools.ant.taskdefs.optional.junit.XMLJUnitResultFormatter,/home/luong/NetBeansProjects/CompositeDBBC/test/results/TEST-org.netbeans.modules.compapp.catd.ConfiguredTest.xml crashfile=/tmp/junitvmwatcher6027510218351079888.properties propsfile=/tmp/junit1463954982664989881.properties
sun.java.launcher=SUN_STANDARD
sun.jnu.encoding=UTF-8
sun.management.compiler=HotSpot 64-Bit Tiered Compilers
sun.os.patch.level=unknown
user.country=US
user.dir=/home/luong/NetBeansProjects/CompositeDBBC
user.home=/home/luong
user.language=en
user.name=luong
user.timezone=Europe/Paris
Test TestCase1\Concurrent.properties
  * Difference (Delete): #text
  * Difference (Add): #text
  * Difference (Delete): #text
  * Difference (Add): #text
 Failed. (Destination: http://localhost:${HttpDefaultPort}/soapCustomersWSDLService/soapCustomersWSDLPort)
]]></system-out>
  <system-err><![CDATA[Jan 08, 2014 6:30:57 PM org.netbeans.modules.editor.settings.storage.keybindings.KeyMapsStorage$KeyMapsReader startElement
WARNING: The keybinding 'A-MOUSE_WHEEL_UP' in Editors/Keybindings/NetBeans/Defaults/org-netbeans-modules-editor-keybindings.xml may not work correctly on Mac. Keybindings starting with Alt or Ctrl should be coded with latin capital letters 'O' or 'D' respectively. For details see org.openide.util.Utilities.stringToKey().
Jan 08, 2014 6:30:57 PM org.netbeans.modules.editor.settings.storage.keybindings.KeyMapsStorage$KeyMapsReader startElement
WARNING: The keybinding 'A-MOUSE_WHEEL_DOWN' in Editors/Keybindings/NetBeans/Defaults/org-netbeans-modules-editor-keybindings.xml may not work correctly on Mac. Keybindings starting with Alt or Ctrl should be coded with latin capital letters 'O' or 'D' respectively. For details see org.openide.util.Utilities.stringToKey().
]]></system-err>
</testsuite>
